<?xml version="1.0" encoding="UTF-8"?>
<!-- Generated by org.testng.reporters.JUnitReportReporter -->
<testsuite hostname="NOI-5ZHVR72" name="com.qa.newframework.TC001" tests="2" failures="0" timestamp="5 Mar 2020 18:33:32 GMT" time="12.621" errors="0">
  <testcase name="setUp" time="7.397" classname="com.qa.newframework.TC001"/>
  <testcase name="TC001_NegativeTest" time="5.224" classname="com.qa.newframework.TC001"/>
</testsuite> <!-- com.qa.newframework.TC001 -->
