<?xml version="1.0" encoding="UTF-8"?>
<!-- Generated by org.testng.reporters.JUnitReportReporter -->
<testsuite hostname="NOI-5ZHVR72" name="com.qa.newframework.BaseTestClass" tests="1" failures="0" timestamp="5 Mar 2020 13:10:02 GMT" time="2.907" errors="0">
  <testcase name="setUp" time="2.907" classname="com.qa.newframework.BaseTestClass"/>
</testsuite> <!-- com.qa.newframework.BaseTestClass -->
