<?xml version="1.0" encoding="UTF-8"?>
<!-- Generated by org.testng.reporters.JUnitReportReporter -->
<testsuite hostname="NOI-5ZHVR72" name="com.qa.newframework.TC001" tests="2" failures="0" timestamp="8 Mar 2020 10:05:08 GMT" time="8.072" errors="0">
  <testcase name="setUp" time="2.849" classname="com.qa.newframework.TC001"/>
  <testcase name="TC001_NegativeTest" time="5.223" classname="com.qa.newframework.TC001"/>
</testsuite> <!-- com.qa.newframework.TC001 -->
